c:\skole\3d-programmering\github\3dcompulsory2\3dcompulsory2\3dcompulsory2\x64\debug\vc143.pdb
c:\skole\3d-programmering\github\3dcompulsory2\3dcompulsory2\3dcompulsory2\x64\debug\vc143.idb
c:\skole\3d-programmering\github\3dcompulsory2\3dcompulsory2\3dcompulsory2\x64\debug\window.obj
c:\skole\3d-programmering\github\3dcompulsory2\3dcompulsory2\3dcompulsory2\x64\debug\shader.obj
c:\skole\3d-programmering\github\3dcompulsory2\3dcompulsory2\3dcompulsory2\x64\debug\mesh.obj
c:\skole\3d-programmering\github\3dcompulsory2\3dcompulsory2\3dcompulsory2\x64\debug\main.obj
c:\skole\3d-programmering\github\3dcompulsory2\3dcompulsory2\3dcompulsory2\x64\debug\backend.obj
c:\skole\3d-programmering\github\3dcompulsory2\3dcompulsory2\3dcompulsory2\x64\debug\input.obj
c:\skole\3d-programmering\github\3dcompulsory2\3dcompulsory2\3dcompulsory2\x64\debug\camera.obj
c:\skole\3d-programmering\github\3dcompulsory2\3dcompulsory2\3dcompulsory2\x64\debug\glm.obj
c:\skole\3d-programmering\github\3dcompulsory2\3dcompulsory2\3dcompulsory2\x64\debug\buffer.obj
c:\skole\3d-programmering\github\3dcompulsory2\3dcompulsory2\3dcompulsory2\x64\debug\glad.obj
c:\skole\3d-programmering\github\3dcompulsory2\3dcompulsory2\3dcompulsory2\x64\debug\scene.obj
c:\skole\3d-programmering\github\3dcompulsory2\3dcompulsory2\3dcompulsory2\x64\debug\frontend.obj
c:\skole\3d-programmering\github\3dcompulsory2\3dcompulsory2\3dcompulsory2\x64\debug\collision.obj
c:\skole\3d-programmering\github\3dcompulsory2\3dcompulsory2\x64\debug\3dcompulsory2.exe
c:\skole\3d-programmering\github\3dcompulsory2\3dcompulsory2\x64\debug\3dcompulsory2.pdb
c:\skole\3d-programmering\github\3dcompulsory2\3dcompulsory2\3dcompulsory2\x64\debug\3dcompulsory2.ilk
d:\3dprogramming\3dcompulsory2\3dcompulsory2\3dcompulsory2\x64\debug\backend.obj
d:\3dprogramming\3dcompulsory2\3dcompulsory2\3dcompulsory2\x64\debug\buffer.obj
d:\3dprogramming\3dcompulsory2\3dcompulsory2\3dcompulsory2\x64\debug\camera.obj
d:\3dprogramming\3dcompulsory2\3dcompulsory2\3dcompulsory2\x64\debug\collision.obj
d:\3dprogramming\3dcompulsory2\3dcompulsory2\3dcompulsory2\x64\debug\frontend.obj
d:\3dprogramming\3dcompulsory2\3dcompulsory2\3dcompulsory2\x64\debug\glad.obj
d:\3dprogramming\3dcompulsory2\3dcompulsory2\3dcompulsory2\x64\debug\glm.obj
d:\3dprogramming\3dcompulsory2\3dcompulsory2\3dcompulsory2\x64\debug\input.obj
d:\3dprogramming\3dcompulsory2\3dcompulsory2\3dcompulsory2\x64\debug\main.obj
d:\3dprogramming\3dcompulsory2\3dcompulsory2\3dcompulsory2\x64\debug\mesh.obj
d:\3dprogramming\3dcompulsory2\3dcompulsory2\3dcompulsory2\x64\debug\scene.obj
d:\3dprogramming\3dcompulsory2\3dcompulsory2\3dcompulsory2\x64\debug\shader.obj
d:\3dprogramming\3dcompulsory2\3dcompulsory2\3dcompulsory2\x64\debug\window.obj
d:\3dprogramming\3dcompulsory2\3dcompulsory2\3dcompulsory2\x64\debug\3dcompulsory2.ilk
d:\3dprogramming\3dcompulsory2\3dcompulsory2\3dcompulsory2\x64\debug\vc143.idb
d:\3dprogramming\3dcompulsory2\3dcompulsory2\3dcompulsory2\x64\debug\vc143.pdb
d:\3dprogramming\3dcompulsory2\3dcompulsory2\x64\debug\3dcompulsory2.pdb
d:\3dprogramming\3dcompulsory2\3dcompulsory2\x64\debug\3dcompulsory2.exe
d:\3dprogramming\3dcompulsory2\3dcompulsory2\x64\debug\3dcompulsory2.ilk
d:\3dprogramming\3dcompulsory2\3dcompulsory2\3dcompulsory2\x64\debug\3dcompulsory2.tlog\cl.command.1.tlog
d:\3dprogramming\3dcompulsory2\3dcompulsory2\3dcompulsory2\x64\debug\3dcompulsory2.tlog\cl.items.tlog
d:\3dprogramming\3dcompulsory2\3dcompulsory2\3dcompulsory2\x64\debug\3dcompulsory2.tlog\cl.read.1.tlog
d:\3dprogramming\3dcompulsory2\3dcompulsory2\3dcompulsory2\x64\debug\3dcompulsory2.tlog\cl.write.1.tlog
d:\3dprogramming\3dcompulsory2\3dcompulsory2\3dcompulsory2\x64\debug\3dcompulsory2.tlog\link.command.1.tlog
d:\3dprogramming\3dcompulsory2\3dcompulsory2\3dcompulsory2\x64\debug\3dcompulsory2.tlog\link.read.1.tlog
d:\3dprogramming\3dcompulsory2\3dcompulsory2\3dcompulsory2\x64\debug\3dcompulsory2.tlog\link.secondary.1.tlog
d:\3dprogramming\3dcompulsory2\3dcompulsory2\3dcompulsory2\x64\debug\3dcompulsory2.tlog\link.write.1.tlog
